> ng run app:serve --host=0.0.0.0 --port=8100

[INFO] Development server running!
       
       Local: http://localhost:8100
       External: http://127.0.0.1:8100, http://85.214.24.229:8100
       DevApp: BakkerVanMaanen@8100 on h2807517.stratoserver.net
       
       Use Ctrl+C to quit this process

[INFO] Browser window opened to http://localhost:8100!

[ng] ℹ ｢wdm｣: wait until bundle finished: /
[ng] ℹ ｢wdm｣: wait until bundle finished: /dashboard
[ng] Date: 2018-12-21T21:33:53.047Z
[ng] Hash: 457eaac73ab23b672a72
[ng] Time: 17145ms
[ng] chunk {common} common.js, common.js.map (common) 6.24 kB  [rendered]
[ng] chunk {dashboard-dashboard-module} dashboard-dashboard-module.js, dashboard-dashboard-module.js.map (dashboard-dashboard-module) 1.03 MB  [rendered]
[ng] chunk {login-login-module} login-login-module.js, login-login-module.js.map (login-login-module) 12.8 kB  [rendered]
[ng] chunk {main} main.js, main.js.map (main) 142 kB [initial] [rendered]
[ng] chunk {polyfills} polyfills.js, polyfills.js.map (polyfills) 223 kB [initial] [rendered]
[ng] chunk {runtime} runtime.js, runtime.js.map (runtime) 8.91 kB [entry] [rendered]
[ng] chunk {styles} styles.js, styles.js.map (styles) 68 kB [initial] [rendered]
[ng] chunk {0} 0.js, 0.js.map () 18.1 kB  [rendered]
[ng] chunk {vendor} vendor.js, vendor.js.map (vendor) 5.49 MB [initial] [rendered]
[ng] chunk {1} 1.js, 1.js.map () 93.4 kB  [rendered]
[ng] chunk {2} 2.js, 2.js.map () 1.85 kB  [rendered]
[ng] chunk {3} 3.js, 3.js.map () 1.06 kB  [rendered]
[ng] chunk {4} 4.js, 4.js.map () 3.32 kB  [rendered]
[ng] chunk {5} 5.js, 5.js.map () 5.36 kB  [rendered]
[ng] chunk {6} 6.js, 6.js.map () 14.4 kB  [rendered]
[ng] chunk {7} 7.js, 7.js.map () 1.62 kB  [rendered]
[ng] chunk {8} 8.js, 8.js.map () 2.7 kB  [rendered]
[ng] chunk {9} 9.js, 9.js.map () 1.36 kB  [rendered]
[ng] chunk {10} 10.js, 10.js.map () 7.92 kB  [rendered]
[ng] chunk {11} 11.js, 11.js.map () 5.03 kB  [rendered]
[ng] chunk {12} 12.js, 12.js.map () 41.1 kB  [rendered]
[ng] chunk {13} 13.js, 13.js.map () 43.2 kB  [rendered]
[ng] chunk {14} 14.js, 14.js.map () 13.4 kB  [rendered]
[ng] chunk {15} 15.js, 15.js.map () 13.4 kB  [rendered]
[ng] chunk {16} 16.js, 16.js.map () 22.9 kB  [rendered]
[ng] chunk {17} 17.js, 17.js.map () 22.9 kB  [rendered]
[ng] chunk {18} 18.js, 18.js.map () 20.6 kB  [rendered]
[ng] chunk {19} 19.js, 19.js.map () 20.6 kB  [rendered]
[ng] chunk {20} 20.js, 20.js.map () 9.5 kB  [rendered]
[ng] chunk {21} 21.js, 21.js.map () 9.65 kB  [rendered]
[ng] chunk {22} 22.js, 22.js.map () 28.8 kB  [rendered]
[ng] chunk {23} 23.js, 23.js.map () 29 kB  [rendered]
[ng] chunk {24} 24.js, 24.js.map () 12.4 kB  [rendered]
[ng] chunk {25} 25.js, 25.js.map () 12.4 kB  [rendered]
[ng] chunk {26} 26.js, 26.js.map () 10.1 kB  [rendered]
[ng] chunk {27} 27.js, 27.js.map () 10.1 kB  [rendered]
[ng] chunk {28} 28.js, 28.js.map () 3.43 kB  [rendered]
[ng] chunk {29} 29.js, 29.js.map () 3.51 kB  [rendered]
[ng] chunk {30} 30.js, 30.js.map () 47.4 kB  [rendered]
[ng] chunk {31} 31.js, 31.js.map () 47.4 kB  [rendered]
[ng] chunk {32} 32.js, 32.js.map () 27.4 kB  [rendered]
[ng] chunk {33} 33.js, 33.js.map () 27.5 kB  [rendered]
[ng] chunk {34} 34.js, 34.js.map () 19.4 kB  [rendered]
[ng] chunk {35} 35.js, 35.js.map () 19.7 kB  [rendered]
[ng] chunk {36} 36.js, 36.js.map () 20.3 kB  [rendered]
[ng] chunk {37} 37.js, 37.js.map () 20.4 kB  [rendered]
[ng] chunk {38} 38.js, 38.js.map () 20.3 kB  [rendered]
[ng] chunk {39} 39.js, 39.js.map () 20.3 kB  [rendered]
[ng] chunk {40} 40.js, 40.js.map () 15.1 kB  [rendered]
[ng] chunk {41} 41.js, 41.js.map () 15.1 kB  [rendered]
[ng] chunk {42} 42.js, 42.js.map () 28.5 kB  [rendered]
[ng] chunk {43} 43.js, 43.js.map () 29.5 kB  [rendered]
[ng] chunk {44} 44.js, 44.js.map () 23.3 kB  [rendered]
[ng] chunk {45} 45.js, 45.js.map () 23.7 kB  [rendered]
[ng] chunk {46} 46.js, 46.js.map () 22.4 kB  [rendered]
[ng] chunk {47} 47.js, 47.js.map () 22.9 kB  [rendered]
[ng] chunk {48} 48.js, 48.js.map () 21.3 kB  [rendered]
[ng] chunk {49} 49.js, 49.js.map () 21.6 kB  [rendered]
[ng] chunk {50} 50.js, 50.js.map () 13.6 kB  [rendered]
[ng] chunk {51} 51.js, 51.js.map () 13.7 kB  [rendered]
[ng] chunk {52} 52.js, 52.js.map () 30.5 kB  [rendered]
[ng] chunk {53} 53.js, 53.js.map () 30.6 kB  [rendered]
[ng] chunk {54} 54.js, 54.js.map () 39.8 kB  [rendered]
[ng] chunk {55} 55.js, 55.js.map () 41.6 kB  [rendered]
[ng] chunk {56} 56.js, 56.js.map () 35.2 kB  [rendered]
[ng] chunk {57} 57.js, 57.js.map () 35.6 kB  [rendered]
[ng] chunk {58} 58.js, 58.js.map () 12.9 kB  [rendered]
[ng] chunk {59} 59.js, 59.js.map () 12.9 kB  [rendered]
[ng] chunk {60} 60.js, 60.js.map () 21.4 kB  [rendered]
[ng] chunk {61} 61.js, 61.js.map () 21.4 kB  [rendered]
[ng] chunk {62} 62.js, 62.js.map () 34.5 kB  [rendered]
[ng] chunk {63} 63.js, 63.js.map () 34.9 kB  [rendered]
[ng] chunk {64} 64.js, 64.js.map () 7.05 kB  [rendered]
[ng] chunk {65} 65.js, 65.js.map () 7.21 kB  [rendered]
[ng] chunk {66} 66.js, 66.js.map () 9.7 kB  [rendered]
[ng] chunk {67} 67.js, 67.js.map () 9.71 kB  [rendered]
[ng] chunk {68} 68.js, 68.js.map () 28.8 kB  [rendered]
[ng] chunk {69} 69.js, 69.js.map () 29 kB  [rendered]
[ng] chunk {70} 70.js, 70.js.map () 29 kB  [rendered]
[ng] chunk {71} 71.js, 71.js.map () 29.9 kB  [rendered]
[ng] chunk {72} 72.js, 72.js.map () 21 kB  [rendered]
[ng] chunk {73} 73.js, 73.js.map () 21.2 kB  [rendered]
[ng] chunk {74} 74.js, 74.js.map () 19.6 kB  [rendered]
[ng] chunk {75} 75.js, 75.js.map () 20 kB  [rendered]
[ng] chunk {76} 76.js, 76.js.map () 13 kB  [rendered]
[ng] chunk {77} 77.js, 77.js.map () 13 kB  [rendered]
[ng] chunk {78} 78.js, 78.js.map () 17.9 kB  [rendered]
[ng] chunk {79} 79.js, 79.js.map () 17.9 kB  [rendered]
[ng] chunk {80} 80.js, 80.js.map () 14 kB  [rendered]
[ng] chunk {81} 81.js, 81.js.map () 14 kB  [rendered]
[ng] chunk {82} 82.js, 82.js.map () 27.8 kB  [rendered]
[ng] chunk {83} 83.js, 83.js.map () 28.6 kB  [rendered]
[ng] chunk {84} 84.js, 84.js.map () 31.4 kB  [rendered]
[ng] chunk {85} 85.js, 85.js.map () 32.8 kB  [rendered]
[ng] chunk {86} 86.js, 86.js.map () 21 kB  [rendered]
[ng] chunk {87} 87.js, 87.js.map () 21.2 kB  [rendered]
[ng] chunk {88} 88.js, 88.js.map () 36 kB  [rendered]
[ng] chunk {89} 89.js, 89.js.map () 36.2 kB  [rendered]
[ng] chunk {90} 90.js, 90.js.map () 17.9 kB  [rendered]
[ng] chunk {91} 91.js, 91.js.map () 17.9 kB  [rendered]
[ng] chunk {92} 92.js, 92.js.map () 9.51 kB  [rendered]
[ng] chunk {93} 93.js, 93.js.map () 9.52 kB  [rendered]
[ng] chunk {94} 94.js, 94.js.map () 21 kB  [rendered]
[ng] chunk {95} 95.js, 95.js.map () 21 kB  [rendered]
[ng] chunk {96} 96.js, 96.js.map () 34.7 kB  [rendered]
[ng] chunk {97} 97.js, 97.js.map () 35.3 kB  [rendered]
[ng] chunk {98} 98.js, 98.js.map () 3.43 kB  [rendered]
[ng] chunk {99} 99.js, 99.js.map () 3.5 kB  [rendered]
[ng] chunk {100} 100.js, 100.js.map () 26.3 kB  [rendered]
[ng] chunk {101} 101.js, 101.js.map () 26.8 kB  [rendered]
[ng] chunk {102} 102.js, 102.js.map () 36.1 kB  [rendered]
[ng] chunk {103} 103.js, 103.js.map () 36.3 kB  [rendered]
[ng] chunk {104} 104.js, 104.js.map () 25.3 kB  [rendered]
[ng] chunk {105} 105.js, 105.js.map () 26.1 kB  [rendered]
[ng] chunk {106} 106.js, 106.js.map () 17.6 kB  [rendered]
[ng] chunk {107} 107.js, 107.js.map () 17.8 kB  [rendered]
[ng] chunk {108} 108.js, 108.js.map () 25.9 kB  [rendered]
[ng] chunk {109} 109.js, 109.js.map () 26.6 kB  [rendered]
[ng] chunk {110} 110.js, 110.js.map () 9.71 kB  [rendered]
[ng] chunk {111} 111.js, 111.js.map () 9.96 kB  [rendered]
[ng] chunk {112} 112.js, 112.js.map () 23.2 kB  [rendered]
[ng] chunk {113} 113.js, 113.js.map () 23.6 kB  [rendered]
[ng] chunk {114} 114.js, 114.js.map () 21.8 kB  [rendered]
[ng] chunk {115} 115.js, 115.js.map () 22.2 kB  [rendered]
[ng] chunk {116} 116.js, 116.js.map () 21.3 kB  [rendered]
[ng] chunk {117} 117.js, 117.js.map () 21.3 kB  [rendered]
[ng] chunk {118} 118.js, 118.js.map () 27.5 kB  [rendered]
[ng] chunk {119} 119.js, 119.js.map () 27.7 kB  [rendered]
[ng] chunk {120} 120.js, 120.js.map () 34.3 kB  [rendered]
[ng] chunk {121} 121.js, 121.js.map () 34.3 kB  [rendered]
[ng] chunk {122} 122.js, 122.js.map () 34.7 kB  [rendered]
[ng] chunk {123} 123.js, 123.js.map () 35.2 kB  [rendered]
[ng] chunk {124} 124.js, 124.js.map () 25.9 kB  [rendered]
[ng] chunk {125} 125.js, 125.js.map () 26.8 kB  [rendered]
[ng] chunk {126} 126.js, 126.js.map () 17.6 kB  [rendered]
[ng] chunk {127} 127.js, 127.js.map () 17.7 kB  [rendered]
[ng] chunk {128} 128.js, 128.js.map () 10.2 kB  [rendered]
[ng] chunk {129} 129.js, 129.js.map () 10.2 kB  [rendered]
[ng] chunk {130} 130.js, 130.js.map () 32.2 kB  [rendered]
[ng] chunk {131} 131.js, 131.js.map () 33.5 kB  [rendered]
[ng] chunk {132} 132.js, 132.js.map () 17 kB  [rendered]
[ng] chunk {133} 133.js, 133.js.map () 17.2 kB  [rendered]
[ng] chunk {134} 134.js, 134.js.map () 47.4 kB  [rendered]
[ng] chunk {135} 135.js, 135.js.map () 47.4 kB  [rendered]
[ng] chunk {136} 136.js, 136.js.map () 27.4 kB  [rendered]
[ng] chunk {137} 137.js, 137.js.map () 27.5 kB  [rendered]
[ng] chunk {138} 138.js, 138.js.map () 21.3 kB  [rendered]
[ng] chunk {139} 139.js, 139.js.map () 21.3 kB  [rendered]
[ng] chunk {140} 140.js, 140.js.map () 21.4 kB  [rendered]
[ng] chunk {141} 141.js, 141.js.map () 21.4 kB  [rendered]
[ng] chunk {142} 142.js, 142.js.map () 17 kB  [rendered]
[ng] chunk {143} 143.js, 143.js.map () 17.3 kB  [rendered]
[ng] chunk {144} 144.js, 144.js.map () 24.8 kB  [rendered]
[ng] chunk {145} 145.js, 145.js.map () 25.8 kB  [rendered]
[ng] chunk {146} 146.js, 146.js.map () 21.1 kB  [rendered]
[ng] chunk {147} 147.js, 147.js.map () 21.4 kB  [rendered]
[ng] chunk {148} 148.js, 148.js.map () 2.45 kB  [rendered]
[ng] chunk {149} 149.js, 149.js.map () 2.48 kB  [rendered]
[ng] chunk {150} 150.js, 150.js.map () 21.6 kB  [rendered]
[ng] chunk {151} 151.js, 151.js.map () 21.9 kB  [rendered]
[ng] chunk {152} 152.js, 152.js.map () 21.1 kB  [rendered]
[ng] chunk {153} 153.js, 153.js.map () 21.4 kB  [rendered]
[ng] chunk {154} 154.js, 154.js.map () 19.6 kB  [rendered]
[ng] chunk {155} 155.js, 155.js.map () 19.7 kB  [rendered]
[ng] chunk {156} 156.js, 156.js.map () 19.6 kB  [rendered]
[ng] chunk {157} 157.js, 157.js.map () 19.9 kB  [rendered]
[ng] chunk {158} 158.js, 158.js.map () 22.8 kB  [rendered]
[ng] chunk {159} 159.js, 159.js.map () 22.9 kB  [rendered]
[ng] chunk {160} 160.js, 160.js.map () 25.5 kB  [rendered]
[ng] chunk {161} 161.js, 161.js.map () 25.5 kB  [rendered]
[ng] chunk {162} 162.js, 162.js.map () 3.82 kB  [rendered]
[ng] chunk {163} 163.js, 163.js.map () 1.69 kB  [rendered]
[ng] ℹ ｢wdm｣: Compiled successfully.
> ng run app:serve --host=0.0.0.0 --port=8101

[INFO] Development server running!
       
       Local: http://localhost:8101
       External: http://127.0.0.1:8101, http://85.214.24.229:8101
       DevApp: BakkerVanMaanen@8101 on h2807517.stratoserver.net
       
       Use Ctrl+C to quit this process

[INFO] Browser window opened to http://localhost:8101!

[ng] ℹ ｢wdm｣: wait until bundle finished: /
[ng] Date: 2018-12-21T21:37:25.062Z
[ng] Hash: 457eaac73ab23b672a72
[ng] Time: 17760ms
[ng] chunk {common} common.js, common.js.map (common) 6.24 kB  [rendered]
[ng] chunk {dashboard-dashboard-module} dashboard-dashboard-module.js, dashboard-dashboard-module.js.map (dashboard-dashboard-module) 1.03 MB  [rendered]
[ng] chunk {login-login-module} login-login-module.js, login-login-module.js.map (login-login-module) 12.8 kB  [rendered]
[ng] chunk {main} main.js, main.js.map (main) 142 kB [initial] [rendered]
[ng] chunk {polyfills} polyfills.js, polyfills.js.map (polyfills) 223 kB [initial] [rendered]
[ng] chunk {runtime} runtime.js, runtime.js.map (runtime) 8.91 kB [entry] [rendered]
[ng] chunk {styles} styles.js, styles.js.map (styles) 68 kB [initial] [rendered]
[ng] chunk {0} 0.js, 0.js.map () 18.1 kB  [rendered]
[ng] chunk {vendor} vendor.js, vendor.js.map (vendor) 5.49 MB [initial] [rendered]
[ng] chunk {1} 1.js, 1.js.map () 93.4 kB  [rendered]
[ng] chunk {2} 2.js, 2.js.map () 1.85 kB  [rendered]
[ng] chunk {3} 3.js, 3.js.map () 1.06 kB  [rendered]
[ng] chunk {4} 4.js, 4.js.map () 3.32 kB  [rendered]
[ng] chunk {5} 5.js, 5.js.map () 5.36 kB  [rendered]
[ng] chunk {6} 6.js, 6.js.map () 14.4 kB  [rendered]
[ng] chunk {7} 7.js, 7.js.map () 1.62 kB  [rendered]
[ng] chunk {8} 8.js, 8.js.map () 2.7 kB  [rendered]
[ng] chunk {9} 9.js, 9.js.map () 1.36 kB  [rendered]
[ng] chunk {10} 10.js, 10.js.map () 7.92 kB  [rendered]
[ng] chunk {11} 11.js, 11.js.map () 5.03 kB  [rendered]
[ng] chunk {12} 12.js, 12.js.map () 41.1 kB  [rendered]
[ng] chunk {13} 13.js, 13.js.map () 43.2 kB  [rendered]
[ng] chunk {14} 14.js, 14.js.map () 13.4 kB  [rendered]
[ng] chunk {15} 15.js, 15.js.map () 13.4 kB  [rendered]
[ng] chunk {16} 16.js, 16.js.map () 22.9 kB  [rendered]
[ng] chunk {17} 17.js, 17.js.map () 22.9 kB  [rendered]
[ng] chunk {18} 18.js, 18.js.map () 20.6 kB  [rendered]
[ng] chunk {19} 19.js, 19.js.map () 20.6 kB  [rendered]
[ng] chunk {20} 20.js, 20.js.map () 9.5 kB  [rendered]
[ng] chunk {21} 21.js, 21.js.map () 9.65 kB  [rendered]
[ng] chunk {22} 22.js, 22.js.map () 28.8 kB  [rendered]
[ng] chunk {23} 23.js, 23.js.map () 29 kB  [rendered]
[ng] chunk {24} 24.js, 24.js.map () 12.4 kB  [rendered]
[ng] chunk {25} 25.js, 25.js.map () 12.4 kB  [rendered]
[ng] chunk {26} 26.js, 26.js.map () 10.1 kB  [rendered]
[ng] chunk {27} 27.js, 27.js.map () 10.1 kB  [rendered]
[ng] chunk {28} 28.js, 28.js.map () 3.43 kB  [rendered]
[ng] chunk {29} 29.js, 29.js.map () 3.51 kB  [rendered]
[ng] chunk {30} 30.js, 30.js.map () 47.4 kB  [rendered]
[ng] chunk {31} 31.js, 31.js.map () 47.4 kB  [rendered]
[ng] chunk {32} 32.js, 32.js.map () 27.4 kB  [rendered]
[ng] chunk {33} 33.js, 33.js.map () 27.5 kB  [rendered]
[ng] chunk {34} 34.js, 34.js.map () 19.4 kB  [rendered]
[ng] chunk {35} 35.js, 35.js.map () 19.7 kB  [rendered]
[ng] chunk {36} 36.js, 36.js.map () 20.3 kB  [rendered]
[ng] chunk {37} 37.js, 37.js.map () 20.4 kB  [rendered]
[ng] chunk {38} 38.js, 38.js.map () 20.3 kB  [rendered]
[ng] chunk {39} 39.js, 39.js.map () 20.3 kB  [rendered]
[ng] chunk {40} 40.js, 40.js.map () 15.1 kB  [rendered]
[ng] chunk {41} 41.js, 41.js.map () 15.1 kB  [rendered]
[ng] chunk {42} 42.js, 42.js.map () 28.5 kB  [rendered]
[ng] chunk {43} 43.js, 43.js.map () 29.5 kB  [rendered]
[ng] chunk {44} 44.js, 44.js.map () 23.3 kB  [rendered]
[ng] chunk {45} 45.js, 45.js.map () 23.7 kB  [rendered]
[ng] chunk {46} 46.js, 46.js.map () 22.4 kB  [rendered]
[ng] chunk {47} 47.js, 47.js.map () 22.9 kB  [rendered]
[ng] chunk {48} 48.js, 48.js.map () 21.3 kB  [rendered]
[ng] chunk {49} 49.js, 49.js.map () 21.6 kB  [rendered]
[ng] chunk {50} 50.js, 50.js.map () 13.6 kB  [rendered]
[ng] chunk {51} 51.js, 51.js.map () 13.7 kB  [rendered]
[ng] chunk {52} 52.js, 52.js.map () 30.5 kB  [rendered]
[ng] chunk {53} 53.js, 53.js.map () 30.6 kB  [rendered]
[ng] chunk {54} 54.js, 54.js.map () 39.8 kB  [rendered]
[ng] chunk {55} 55.js, 55.js.map () 41.6 kB  [rendered]
[ng] chunk {56} 56.js, 56.js.map () 35.2 kB  [rendered]
[ng] chunk {57} 57.js, 57.js.map () 35.6 kB  [rendered]
[ng] chunk {58} 58.js, 58.js.map () 12.9 kB  [rendered]
[ng] chunk {59} 59.js, 59.js.map () 12.9 kB  [rendered]
[ng] chunk {60} 60.js, 60.js.map () 21.4 kB  [rendered]
[ng] chunk {61} 61.js, 61.js.map () 21.4 kB  [rendered]
[ng] chunk {62} 62.js, 62.js.map () 34.5 kB  [rendered]
[ng] chunk {63} 63.js, 63.js.map () 34.9 kB  [rendered]
[ng] chunk {64} 64.js, 64.js.map () 7.05 kB  [rendered]
[ng] chunk {65} 65.js, 65.js.map () 7.21 kB  [rendered]
[ng] chunk {66} 66.js, 66.js.map () 9.7 kB  [rendered]
[ng] chunk {67} 67.js, 67.js.map () 9.71 kB  [rendered]
[ng] chunk {68} 68.js, 68.js.map () 28.8 kB  [rendered]
[ng] chunk {69} 69.js, 69.js.map () 29 kB  [rendered]
[ng] chunk {70} 70.js, 70.js.map () 29 kB  [rendered]
[ng] chunk {71} 71.js, 71.js.map () 29.9 kB  [rendered]
[ng] chunk {72} 72.js, 72.js.map () 21 kB  [rendered]
[ng] chunk {73} 73.js, 73.js.map () 21.2 kB  [rendered]
[ng] chunk {74} 74.js, 74.js.map () 19.6 kB  [rendered]
[ng] chunk {75} 75.js, 75.js.map () 20 kB  [rendered]
[ng] chunk {76} 76.js, 76.js.map () 13 kB  [rendered]
[ng] chunk {77} 77.js, 77.js.map () 13 kB  [rendered]
[ng] chunk {78} 78.js, 78.js.map () 17.9 kB  [rendered]
[ng] chunk {79} 79.js, 79.js.map () 17.9 kB  [rendered]
[ng] chunk {80} 80.js, 80.js.map () 14 kB  [rendered]
[ng] chunk {81} 81.js, 81.js.map () 14 kB  [rendered]
[ng] chunk {82} 82.js, 82.js.map () 27.8 kB  [rendered]
[ng] chunk {83} 83.js, 83.js.map () 28.6 kB  [rendered]
[ng] chunk {84} 84.js, 84.js.map () 31.4 kB  [rendered]
[ng] chunk {85} 85.js, 85.js.map () 32.8 kB  [rendered]
[ng] chunk {86} 86.js, 86.js.map () 21 kB  [rendered]
[ng] chunk {87} 87.js, 87.js.map () 21.2 kB  [rendered]
[ng] chunk {88} 88.js, 88.js.map () 36 kB  [rendered]
[ng] chunk {89} 89.js, 89.js.map () 36.2 kB  [rendered]
[ng] chunk {90} 90.js, 90.js.map () 17.9 kB  [rendered]
[ng] chunk {91} 91.js, 91.js.map () 17.9 kB  [rendered]
[ng] chunk {92} 92.js, 92.js.map () 9.51 kB  [rendered]
[ng] chunk {93} 93.js, 93.js.map () 9.52 kB  [rendered]
[ng] chunk {94} 94.js, 94.js.map () 21 kB  [rendered]
[ng] chunk {95} 95.js, 95.js.map () 21 kB  [rendered]
[ng] chunk {96} 96.js, 96.js.map () 34.7 kB  [rendered]
[ng] chunk {97} 97.js, 97.js.map () 35.3 kB  [rendered]
[ng] chunk {98} 98.js, 98.js.map () 3.43 kB  [rendered]
[ng] chunk {99} 99.js, 99.js.map () 3.5 kB  [rendered]
[ng] chunk {100} 100.js, 100.js.map () 26.3 kB  [rendered]
[ng] chunk {101} 101.js, 101.js.map () 26.8 kB  [rendered]
[ng] chunk {102} 102.js, 102.js.map () 36.1 kB  [rendered]
[ng] chunk {103} 103.js, 103.js.map () 36.3 kB  [rendered]
[ng] chunk {104} 104.js, 104.js.map () 25.3 kB  [rendered]
[ng] chunk {105} 105.js, 105.js.map () 26.1 kB  [rendered]
[ng] chunk {106} 106.js, 106.js.map () 17.6 kB  [rendered]
[ng] chunk {107} 107.js, 107.js.map () 17.8 kB  [rendered]
[ng] chunk {108} 108.js, 108.js.map () 25.9 kB  [rendered]
[ng] chunk {109} 109.js, 109.js.map () 26.6 kB  [rendered]
[ng] chunk {110} 110.js, 110.js.map () 9.71 kB  [rendered]
[ng] chunk {111} 111.js, 111.js.map () 9.96 kB  [rendered]
[ng] chunk {112} 112.js, 112.js.map () 23.2 kB  [rendered]
[ng] chunk {113} 113.js, 113.js.map () 23.6 kB  [rendered]
[ng] chunk {114} 114.js, 114.js.map () 21.8 kB  [rendered]
[ng] chunk {115} 115.js, 115.js.map () 22.2 kB  [rendered]
[ng] chunk {116} 116.js, 116.js.map () 21.3 kB  [rendered]
[ng] chunk {117} 117.js, 117.js.map () 21.3 kB  [rendered]
[ng] chunk {118} 118.js, 118.js.map () 27.5 kB  [rendered]
[ng] chunk {119} 119.js, 119.js.map () 27.7 kB  [rendered]
[ng] chunk {120} 120.js, 120.js.map () 34.3 kB  [rendered]
[ng] chunk {121} 121.js, 121.js.map () 34.3 kB  [rendered]
[ng] chunk {122} 122.js, 122.js.map () 34.7 kB  [rendered]
[ng] chunk {123} 123.js, 123.js.map () 35.2 kB  [rendered]
[ng] chunk {124} 124.js, 124.js.map () 25.9 kB  [rendered]
[ng] chunk {125} 125.js, 125.js.map () 26.8 kB  [rendered]
[ng] chunk {126} 126.js, 126.js.map () 17.6 kB  [rendered]
[ng] chunk {127} 127.js, 127.js.map () 17.7 kB  [rendered]
[ng] chunk {128} 128.js, 128.js.map () 10.2 kB  [rendered]
[ng] chunk {129} 129.js, 129.js.map () 10.2 kB  [rendered]
[ng] chunk {130} 130.js, 130.js.map () 32.2 kB  [rendered]
[ng] chunk {131} 131.js, 131.js.map () 33.5 kB  [rendered]
[ng] chunk {132} 132.js, 132.js.map () 17 kB  [rendered]
[ng] chunk {133} 133.js, 133.js.map () 17.2 kB  [rendered]
[ng] chunk {134} 134.js, 134.js.map () 47.4 kB  [rendered]
[ng] chunk {135} 135.js, 135.js.map () 47.4 kB  [rendered]
[ng] chunk {136} 136.js, 136.js.map () 27.4 kB  [rendered]
[ng] chunk {137} 137.js, 137.js.map () 27.5 kB  [rendered]
[ng] chunk {138} 138.js, 138.js.map () 21.3 kB  [rendered]
[ng] chunk {139} 139.js, 139.js.map () 21.3 kB  [rendered]
[ng] chunk {140} 140.js, 140.js.map () 21.4 kB  [rendered]
[ng] chunk {141} 141.js, 141.js.map () 21.4 kB  [rendered]
[ng] chunk {142} 142.js, 142.js.map () 17 kB  [rendered]
[ng] chunk {143} 143.js, 143.js.map () 17.3 kB  [rendered]
[ng] chunk {144} 144.js, 144.js.map () 24.8 kB  [rendered]
[ng] chunk {145} 145.js, 145.js.map () 25.8 kB  [rendered]
[ng] chunk {146} 146.js, 146.js.map () 21.1 kB  [rendered]
[ng] chunk {147} 147.js, 147.js.map () 21.4 kB  [rendered]
[ng] chunk {148} 148.js, 148.js.map () 2.45 kB  [rendered]
[ng] chunk {149} 149.js, 149.js.map () 2.48 kB  [rendered]
[ng] chunk {150} 150.js, 150.js.map () 21.6 kB  [rendered]
[ng] chunk {151} 151.js, 151.js.map () 21.9 kB  [rendered]
[ng] chunk {152} 152.js, 152.js.map () 21.1 kB  [rendered]
[ng] chunk {153} 153.js, 153.js.map () 21.4 kB  [rendered]
[ng] chunk {154} 154.js, 154.js.map () 19.6 kB  [rendered]
[ng] chunk {155} 155.js, 155.js.map () 19.7 kB  [rendered]
[ng] chunk {156} 156.js, 156.js.map () 19.6 kB  [rendered]
[ng] chunk {157} 157.js, 157.js.map () 19.9 kB  [rendered]
[ng] chunk {158} 158.js, 158.js.map () 22.8 kB  [rendered]
[ng] chunk {159} 159.js, 159.js.map () 22.9 kB  [rendered]
[ng] chunk {160} 160.js, 160.js.map () 25.5 kB  [rendered]
[ng] chunk {161} 161.js, 161.js.map () 25.5 kB  [rendered]
[ng] chunk {162} 162.js, 162.js.map () 3.82 kB  [rendered]
[ng] chunk {163} 163.js, 163.js.map () 1.69 kB  [rendered]
[ng] ℹ ｢wdm｣: Compiled successfully.
[ng] ℹ ｢wdm｣: Compiling...
[ng] Date: 2018-12-23T14:07:40.600Z - Hash: 5e11d1f9ce19824b9539 - Time: 22641ms
[ng] 171 unchanged chunks
[ng] chunk {dashboard-dashboard-module} dashboard-dashboard-module.js, dashboard-dashboard-module.js.map (dashboard-dashboard-module) 1.03 MB  [rendered]
[ng] ℹ ｢wdm｣: Compiled successfully.
[ng] ℹ ｢wdm｣: Compiling...
[ng] ERROR in src/app/dashboard/temperature-analytics/temperature-analytics.component.ts(17,10): error TS2339: Property 'db' does not exist on type 'TemperatureAnalyticsComponent'.
[ng] src/app/dashboard/temperature-analytics/temperature-analytics.component.ts(23,20): error TS2339: Property 'temperatureTimestamp' does not exist on type 'TemperatureAnalyticsComponent'.
[ng] src/app/dashboard/temperature-analytics/temperature-analytics.component.ts(24,20): error TS2339: Property 'temperatureData' does not exist on type 'TemperatureAnalyticsComponent'.
[ng] Date: 2018-12-23T14:10:02.008Z - Hash: 0bea44d8ed8653273e27 - Time: 7962ms
[ng] 171 unchanged chunks
[ng] chunk {dashboard-dashboard-module} dashboard-dashboard-module.js, dashboard-dashboard-module.js.map (dashboard-dashboard-module) 1.03 MB  [rendered]
[ng] ℹ ｢wdm｣: Compiled successfully.
[ng] ℹ ｢wdm｣: Compiling...
[ng] ERROR in src/app/dashboard/temperature-analytics/temperature-analytics.component.ts(3,10): error TS2724: Module '"/home/nigh7fox/BakkerVanMaanen/node_modules/angularfire2/database/index"' has no exported member 'AngularFireBase'. Did you mean 'AngularFireList'?
[ng] src/app/dashboard/temperature-analytics/temperature-analytics.component.ts(15,27): error TS2304: Cannot find name 'AngularFireDatabase'.
[ng] Date: 2018-12-23T14:12:03.978Z - Hash: 4a5a050b8bdf9c8efca0 - Time: 6079ms
[ng] 171 unchanged chunks
[ng] chunk {dashboard-dashboard-module} dashboard-dashboard-module.js, dashboard-dashboard-module.js.map (dashboard-dashboard-module) 1.03 MB  [rendered]
[ng] ℹ ｢wdm｣: Compiled successfully.
[ng] ℹ ｢wdm｣: Compiling...
[ng] Date: 2018-12-23T14:12:28.593Z - Hash: bfcb12f52cfad989f083 - Time: 5234ms
[ng] 171 unchanged chunks
[ng] chunk {dashboard-dashboard-module} dashboard-dashboard-module.js, dashboard-dashboard-module.js.map (dashboard-dashboard-module) 1.03 MB  [rendered]
[ng] ℹ ｢wdm｣: Compiled successfully.
[ng] ℹ ｢wdm｣: Compiling...
[ng] Date: 2018-12-23T14:13:08.581Z - Hash: f6caa3ed28ef9b8ff018 - Time: 5769ms
[ng] 171 unchanged chunks
[ng] chunk {dashboard-dashboard-module} dashboard-dashboard-module.js, dashboard-dashboard-module.js.map (dashboard-dashboard-module) 1.03 MB  [rendered]
[ng] ℹ ｢wdm｣: Compiled successfully.
[ng] ℹ ｢wdm｣: Compiling...
[ng] Date: 2018-12-23T14:21:41.369Z - Hash: 0cc6d7edc28c91b29ff2 - Time: 5249ms
[ng] 171 unchanged chunks
[ng] chunk {dashboard-dashboard-module} dashboard-dashboard-module.js, dashboard-dashboard-module.js.map (dashboard-dashboard-module) 1.03 MB  [rendered]
[ng] ℹ ｢wdm｣: Compiled successfully.
[ng] ℹ ｢wdm｣: Compiling...
[ng] Date: 2018-12-23T14:25:40.893Z - Hash: 07c6b397e7c508fed022 - Time: 9214ms
[ng] 171 unchanged chunks
[ng] chunk {dashboard-dashboard-module} dashboard-dashboard-module.js, dashboard-dashboard-module.js.map (dashboard-dashboard-module) 1.03 MB  [rendered]
[ng] ℹ ｢wdm｣: Compiled successfully.
[ng] ℹ ｢wdm｣: Compiling...
[ng] Date: 2018-12-23T14:26:56.212Z - Hash: 07c6b397e7c508fed022 - Time: 6260ms
[ng] 172 unchanged chunks
[ng] ℹ ｢wdm｣: Compiled successfully.
[ng] ℹ ｢wdm｣: Compiling...
[ng] Date: 2018-12-23T14:28:01.954Z - Hash: 0cbaff3b3458ae05a604 - Time: 6682ms
[ng] 171 unchanged chunks
[ng] chunk {dashboard-dashboard-module} dashboard-dashboard-module.js, dashboard-dashboard-module.js.map (dashboard-dashboard-module) 1.03 MB  [rendered]
[ng] ℹ ｢wdm｣: Compiled successfully.
[ng] ℹ ｢wdm｣: Compiling...
[ng] ERROR in src/app/dashboard/temperature-analytics/temperature-analytics.component.ts(28,11): error TS1005: ')' expected.
[ng] Date: 2018-12-23T14:32:44.092Z - Hash: c59ab8bbfee1ee5887b6 - Time: 5252ms
[ng] 171 unchanged chunks
[ng] chunk {dashboard-dashboard-module} dashboard-dashboard-module.js, dashboard-dashboard-module.js.map (dashboard-dashboard-module) 1.03 MB  [rendered]
[ng] ℹ ｢wdm｣: Compiled successfully.
[ng] ℹ ｢wdm｣: Compiling...
[ng] ERROR in src/app/dashboard/temperature-analytics/temperature-analytics.component.ts(29,11): error TS1005: ')' expected.
[ng] Date: 2018-12-23T14:35:25.723Z - Hash: d5da28855e9a94f5f213 - Time: 5151ms
[ng] 171 unchanged chunks
[ng] chunk {dashboard-dashboard-module} dashboard-dashboard-module.js, dashboard-dashboard-module.js.map (dashboard-dashboard-module) 1.03 MB  [rendered]
[ng] ℹ ｢wdm｣: Compiled successfully.
[ng] ℹ ｢wdm｣: Compiling...
[ng] ERROR in src/app/dashboard/temperature-analytics/temperature-analytics.component.ts(20,10): error TS2339: Property 'where' does not exist on type 'Reference'.
[ng] Date: 2018-12-23T14:36:46.221Z - Hash: d5da28855e9a94f5f213 - Time: 6424ms
[ng] 172 unchanged chunks
[ng] ℹ ｢wdm｣: Compiled successfully.
[ng] ℹ ｢wdm｣: Compiling...
[ng] ERROR in src/app/dashboard/temperature-analytics/temperature-analytics.component.ts(25,11): error TS1005: ';' expected.
[ng] Date: 2018-12-23T14:41:43.821Z - Hash: 098e11f915167371a48c - Time: 5026ms
[ng] 171 unchanged chunks
[ng] chunk {dashboard-dashboard-module} dashboard-dashboard-module.js, dashboard-dashboard-module.js.map (dashboard-dashboard-module) 1.03 MB  [rendered]
[ng] ℹ ｢wdm｣: Compiled successfully.
[ng] ℹ ｢wdm｣: Compiling...
[ng] ERROR in src/app/dashboard/temperature-analytics/temperature-analytics.component.ts(25,11): error TS1005: ';' expected.
[ng] Date: 2018-12-23T14:42:29.831Z - Hash: 2bff4033132ad93803e5 - Time: 4808ms
[ng] 171 unchanged chunks
[ng] chunk {dashboard-dashboard-module} dashboard-dashboard-module.js, dashboard-dashboard-module.js.map (dashboard-dashboard-module) 1.03 MB  [rendered]
[ng] ℹ ｢wdm｣: Compiled successfully.
[ng] ℹ ｢wdm｣: Compiling...
[ng] ERROR in src/app/dashboard/temperature-analytics/temperature-analytics.component.ts(25,11): error TS1005: ';' expected.
[ng] Date: 2018-12-23T14:42:42.976Z - Hash: 098e11f915167371a48c - Time: 4825ms
[ng] 171 unchanged chunks
[ng] chunk {dashboard-dashboard-module} dashboard-dashboard-module.js, dashboard-dashboard-module.js.map (dashboard-dashboard-module) 1.03 MB  [rendered]
[ng] ℹ ｢wdm｣: Compiled successfully.
[ng] ℹ ｢wdm｣: Compiling...
[ng] ERROR in src/app/dashboard/temperature-analytics/temperature-analytics.component.ts(22,10): error TS2339: Property 'valueChanges' does not exist on type 'Query'.
[ng] Date: 2018-12-23T14:43:01.456Z - Hash: 6d5ec25483e5d4ef3d66 - Time: 6699ms
[ng] 171 unchanged chunks
[ng] chunk {dashboard-dashboard-module} dashboard-dashboard-module.js, dashboard-dashboard-module.js.map (dashboard-dashboard-module) 1.03 MB  [rendered]
[ng] ℹ ｢wdm｣: Compiled successfully.
[ng] ℹ ｢wdm｣: Compiling...
[ng] Date: 2018-12-23T14:43:57.530Z - Hash: 7b93f001fb915054a407 - Time: 6582ms
[ng] 171 unchanged chunks
[ng] chunk {dashboard-dashboard-module} dashboard-dashboard-module.js, dashboard-dashboard-module.js.map (dashboard-dashboard-module) 1.03 MB  [rendered]
[ng] ℹ ｢wdm｣: Compiled successfully.
[ng] ℹ ｢wdm｣: Compiling...
[ng] Date: 2018-12-23T14:44:07.315Z - Hash: 7b93f001fb915054a407 - Time: 5786ms
[ng] 172 unchanged chunks
[ng] ℹ ｢wdm｣: Compiled successfully.
[ng] ℹ ｢wdm｣: Compiling...
[ng] Date: 2018-12-23T15:00:58.430Z - Hash: 9e12133a759d57dcd54a - Time: 6343ms
[ng] 171 unchanged chunks
[ng] chunk {dashboard-dashboard-module} dashboard-dashboard-module.js, dashboard-dashboard-module.js.map (dashboard-dashboard-module) 1.03 MB  [rendered]
[ng] ℹ ｢wdm｣: Compiled successfully.
[ng] ℹ ｢wdm｣: Compiling...
[ng] Date: 2018-12-23T15:01:50.371Z - Hash: d6dcb83d3a57cd0749e8 - Time: 6589ms
[ng] 171 unchanged chunks
[ng] chunk {dashboard-dashboard-module} dashboard-dashboard-module.js, dashboard-dashboard-module.js.map (dashboard-dashboard-module) 1.03 MB  [rendered]
[ng] ℹ ｢wdm｣: Compiled successfully.
[ng] ℹ ｢wdm｣: Compiling...
[ng] Date: 2018-12-23T15:03:37.103Z - Hash: 9e12133a759d57dcd54a - Time: 6733ms
[ng] 171 unchanged chunks
[ng] chunk {dashboard-dashboard-module} dashboard-dashboard-module.js, dashboard-dashboard-module.js.map (dashboard-dashboard-module) 1.03 MB  [rendered]
[ng] ℹ ｢wdm｣: Compiled successfully.
[ng] ℹ ｢wdm｣: Compiling...
[ng] Date: 2018-12-23T15:03:48.045Z - Hash: 9e12133a759d57dcd54a - Time: 6269ms
[ng] 172 unchanged chunks
[ng] ℹ ｢wdm｣: Compiled successfully.
[ng] ℹ ｢wdm｣: Compiling...
[ng] Date: 2018-12-23T15:04:40.267Z - Hash: 2bff4033132ad93803e5 - Time: 6213ms
[ng] 171 unchanged chunks
[ng] chunk {dashboard-dashboard-module} dashboard-dashboard-module.js, dashboard-dashboard-module.js.map (dashboard-dashboard-module) 1.03 MB  [rendered]
[ng] ℹ ｢wdm｣: Compiled successfully.
[ng] ℹ ｢wdm｣: Compiling...
[ng] Date: 2018-12-23T15:07:13.633Z - Hash: ac95275849f34e7af884 - Time: 6013ms
[ng] 171 unchanged chunks
[ng] chunk {dashboard-dashboard-module} dashboard-dashboard-module.js, dashboard-dashboard-module.js.map (dashboard-dashboard-module) 1.03 MB  [rendered]
[ng] ℹ ｢wdm｣: Compiled successfully.
[ng] ℹ ｢wdm｣: Compiling...
[ng] Date: 2018-12-23T15:08:00.063Z - Hash: 78cc8a533bed4106b203 - Time: 6048ms
[ng] 171 unchanged chunks
[ng] chunk {dashboard-dashboard-module} dashboard-dashboard-module.js, dashboard-dashboard-module.js.map (dashboard-dashboard-module) 1.03 MB  [rendered]
[ng] ℹ ｢wdm｣: Compiled successfully.
[ng] ℹ ｢wdm｣: Compiling...
[ng] Date: 2018-12-23T15:08:38.901Z - Hash: e2d465b3c71ad472273f - Time: 5891ms
[ng] 171 unchanged chunks
[ng] chunk {dashboard-dashboard-module} dashboard-dashboard-module.js, dashboard-dashboard-module.js.map (dashboard-dashboard-module) 1.03 MB  [rendered]
[ng] ℹ ｢wdm｣: Compiled successfully.
[ng] ℹ ｢wdm｣: Compiling...
[ng] Date: 2018-12-23T15:12:19.919Z - Hash: 0cbaff3b3458ae05a604 - Time: 6283ms
[ng] 171 unchanged chunks
[ng] chunk {dashboard-dashboard-module} dashboard-dashboard-module.js, dashboard-dashboard-module.js.map (dashboard-dashboard-module) 1.03 MB  [rendered]
[ng] ℹ ｢wdm｣: Compiled successfully.
[ng] ℹ ｢wdm｣: Compiling...
[ng] Date: 2018-12-23T15:12:43.396Z - Hash: 0cbaff3b3458ae05a604 - Time: 5322ms
[ng] 172 unchanged chunks
[ng] ℹ ｢wdm｣: Compiled successfully.
[ng] ℹ ｢wdm｣: Compiling...
[ng] Date: 2018-12-23T15:12:53.198Z - Hash: 0cbaff3b3458ae05a604 - Time: 5582ms
[ng] 172 unchanged chunks
[ng] ℹ ｢wdm｣: Compiled successfully.
[ng] ℹ ｢wdm｣: Compiling...
[ng] Date: 2018-12-23T15:19:19.988Z - Hash: 172f3ccf02c2a5a8b1cb - Time: 5392ms
[ng] 171 unchanged chunks
[ng] chunk {dashboard-dashboard-module} dashboard-dashboard-module.js, dashboard-dashboard-module.js.map (dashboard-dashboard-module) 1.03 MB  [rendered]
[ng] ℹ ｢wdm｣: Compiled successfully.
[ng] ℹ ｢wdm｣: Compiling...
[ng] Date: 2018-12-23T15:19:35.029Z - Hash: 172f3ccf02c2a5a8b1cb - Time: 5029ms
[ng] 172 unchanged chunks
[ng] ℹ ｢wdm｣: Compiled successfully.
